Determining if the pthread_create exist failed with the following output:
Change Dir: /home/butterfly/Desktop/template_Robotics_Cource(1)/template_Robotics_Cource/build/CMakeFiles/CMakeTmp

Run Build Command:"/usr/bin/make" "cmTC_c6a4b/fast"
/usr/bin/make -f CMakeFiles/cmTC_c6a4b.dir/build.make CMakeFiles/cmTC_c6a4b.dir/build
make[1]: Entering directory '/home/butterfly/Desktop/template_Robotics_Cource(1)/template_Robotics_Cource/build/CMakeFiles/CMakeTmp'
Building CXX object CMakeFiles/cmTC_c6a4b.dir/CheckSymbolExists.cxx.o
/usr/bin/c++      -o CMakeFiles/cmTC_c6a4b.dir/CheckSymbolExists.cxx.o -c "/home/butterfly/Desktop/template_Robotics_Cource(1)/template_Robotics_Cource/build/CMakeFiles/CMakeTmp/CheckSymbolExists.cxx"
Linking CXX executable cmTC_c6a4b
/usr/bin/cmake -E cmake_link_script CMakeFiles/cmTC_c6a4b.dir/link.txt --verbose=1
/usr/bin/c++        CMakeFiles/cmTC_c6a4b.dir/CheckSymbolExists.cxx.o  -o cmTC_c6a4b -rdynamic 
CMakeFiles/cmTC_c6a4b.dir/CheckSymbolExists.cxx.o: In function `main':
CheckSymbolExists.cxx:(.text+0x16): undefined reference to `pthread_create'
collect2: error: ld returned 1 exit status
CMakeFiles/cmTC_c6a4b.dir/build.make:97: recipe for target 'cmTC_c6a4b' failed
make[1]: *** [cmTC_c6a4b] Error 1
make[1]: Leaving directory '/home/butterfly/Desktop/template_Robotics_Cource(1)/template_Robotics_Cource/build/CMakeFiles/CMakeTmp'
Makefile:126: recipe for target 'cmTC_c6a4b/fast' failed
make: *** [cmTC_c6a4b/fast] Error 2

File /home/butterfly/Desktop/template_Robotics_Cource(1)/template_Robotics_Cource/build/CMakeFiles/CMakeTmp/CheckSymbolExists.cxx:
/* */
#include <pthread.h>

int main(int argc, char** argv)
{
  (void)argv;
#ifndef pthread_create
  return ((int*)(&pthread_create))[argc];
#else
  (void)argc;
  return 0;
#endif
}

Determining if the function pthread_create exists in the pthreads failed with the following output:
Change Dir: /home/butterfly/Desktop/template_Robotics_Cource(1)/template_Robotics_Cource/build/CMakeFiles/CMakeTmp

Run Build Command:"/usr/bin/make" "cmTC_07d41/fast"
/usr/bin/make -f CMakeFiles/cmTC_07d41.dir/build.make CMakeFiles/cmTC_07d41.dir/build
make[1]: Entering directory '/home/butterfly/Desktop/template_Robotics_Cource(1)/template_Robotics_Cource/build/CMakeFiles/CMakeTmp'
Building CXX object CMakeFiles/cmTC_07d41.dir/CheckFunctionExists.cxx.o
/usr/bin/c++     -DCHECK_FUNCTION_EXISTS=pthread_create   -o CMakeFiles/cmTC_07d41.dir/CheckFunctionExists.cxx.o -c "/home/butterfly/Desktop/template_Robotics_Cource(1)/template_Robotics_Cource/build/CMakeFiles/CheckLibraryExists/CheckFunctionExists.cxx"
Linking CXX executable cmTC_07d41
/usr/bin/cmake -E cmake_link_script CMakeFiles/cmTC_07d41.dir/link.txt --verbose=1
/usr/bin/c++    -DCHECK_FUNCTION_EXISTS=pthread_create    CMakeFiles/cmTC_07d41.dir/CheckFunctionExists.cxx.o  -o cmTC_07d41 -rdynamic -lpthreads 
/usr/bin/ld: cannot find -lpthreads
collect2: error: ld returned 1 exit status
CMakeFiles/cmTC_07d41.dir/build.make:97: recipe for target 'cmTC_07d41' failed
make[1]: *** [cmTC_07d41] Error 1
make[1]: Leaving directory '/home/butterfly/Desktop/template_Robotics_Cource(1)/template_Robotics_Cource/build/CMakeFiles/CMakeTmp'
Makefile:126: recipe for target 'cmTC_07d41/fast' failed
make: *** [cmTC_07d41/fast] Error 2


