Determining if the pthread_create exist failed with the following output:
Change Dir: /home/butterfly/Desktop/template_Robotics_Cource(2)/build/CMakeFiles/CMakeTmp

Run Build Command:"/usr/bin/make" "cmTC_1f95d/fast"
/usr/bin/make -f CMakeFiles/cmTC_1f95d.dir/build.make CMakeFiles/cmTC_1f95d.dir/build
make[1]: Entering directory '/home/butterfly/Desktop/template_Robotics_Cource(2)/build/CMakeFiles/CMakeTmp'
Building CXX object CMakeFiles/cmTC_1f95d.dir/CheckSymbolExists.cxx.o
/usr/bin/c++      -o CMakeFiles/cmTC_1f95d.dir/CheckSymbolExists.cxx.o -c "/home/butterfly/Desktop/template_Robotics_Cource(2)/build/CMakeFiles/CMakeTmp/CheckSymbolExists.cxx"
Linking CXX executable cmTC_1f95d
/usr/bin/cmake -E cmake_link_script CMakeFiles/cmTC_1f95d.dir/link.txt --verbose=1
/usr/bin/c++        CMakeFiles/cmTC_1f95d.dir/CheckSymbolExists.cxx.o  -o cmTC_1f95d -rdynamic 
CMakeFiles/cmTC_1f95d.dir/CheckSymbolExists.cxx.o: In function `main':
CheckSymbolExists.cxx:(.text+0x16): undefined reference to `pthread_create'
collect2: error: ld returned 1 exit status
CMakeFiles/cmTC_1f95d.dir/build.make:97: recipe for target 'cmTC_1f95d' failed
make[1]: *** [cmTC_1f95d] Error 1
make[1]: Leaving directory '/home/butterfly/Desktop/template_Robotics_Cource(2)/build/CMakeFiles/CMakeTmp'
Makefile:126: recipe for target 'cmTC_1f95d/fast' failed
make: *** [cmTC_1f95d/fast] Error 2

File /home/butterfly/Desktop/template_Robotics_Cource(2)/build/CMakeFiles/CMakeTmp/CheckSymbolExists.cxx:
/* */
#include <pthread.h>

int main(int argc, char** argv)
{
  (void)argv;
#ifndef pthread_create
  return ((int*)(&pthread_create))[argc];
#else
  (void)argc;
  return 0;
#endif
}

Determining if the function pthread_create exists in the pthreads failed with the following output:
Change Dir: /home/butterfly/Desktop/template_Robotics_Cource(2)/build/CMakeFiles/CMakeTmp

Run Build Command:"/usr/bin/make" "cmTC_ef14f/fast"
/usr/bin/make -f CMakeFiles/cmTC_ef14f.dir/build.make CMakeFiles/cmTC_ef14f.dir/build
make[1]: Entering directory '/home/butterfly/Desktop/template_Robotics_Cource(2)/build/CMakeFiles/CMakeTmp'
Building CXX object CMakeFiles/cmTC_ef14f.dir/CheckFunctionExists.cxx.o
/usr/bin/c++     -DCHECK_FUNCTION_EXISTS=pthread_create   -o CMakeFiles/cmTC_ef14f.dir/CheckFunctionExists.cxx.o -c "/home/butterfly/Desktop/template_Robotics_Cource(2)/build/CMakeFiles/CheckLibraryExists/CheckFunctionExists.cxx"
Linking CXX executable cmTC_ef14f
/usr/bin/cmake -E cmake_link_script CMakeFiles/cmTC_ef14f.dir/link.txt --verbose=1
/usr/bin/c++    -DCHECK_FUNCTION_EXISTS=pthread_create    CMakeFiles/cmTC_ef14f.dir/CheckFunctionExists.cxx.o  -o cmTC_ef14f -rdynamic -lpthreads 
/usr/bin/ld: cannot find -lpthreads
collect2: error: ld returned 1 exit status
CMakeFiles/cmTC_ef14f.dir/build.make:97: recipe for target 'cmTC_ef14f' failed
make[1]: *** [cmTC_ef14f] Error 1
make[1]: Leaving directory '/home/butterfly/Desktop/template_Robotics_Cource(2)/build/CMakeFiles/CMakeTmp'
Makefile:126: recipe for target 'cmTC_ef14f/fast' failed
make: *** [cmTC_ef14f/fast] Error 2


